{"/Users/christian/Desktop/4.semester/FullstackJS/FullstackJSExercises/Week4/Testing/MochaTutorial/lib/tools.js":{"path":"/Users/christian/Desktop/4.semester/FullstackJS/FullstackJSExercises/Week4/Testing/MochaTutorial/lib/tools.js","s":{"1":1,"2":1,"3":1,"4":1,"5":1,"6":1,"7":1,"8":1,"9":1,"10":1,"11":1},"b":{},"f":{"1":1,"2":1},"fnMap":{"1":{"name":"(anonymous_1)","line":4,"loc":{"start":{"line":4,"column":13},"end":{"line":4,"column":21}}},"2":{"name":"(anonymous_2)","line":8,"loc":{"start":{"line":8,"column":12},"end":{"line":8,"column":30}}}},"statementMap":{"1":{"start":{"line":1,"column":0},"end":{"line":1,"column":29}},"2":{"start":{"line":3,"column":0},"end":{"line":21,"column":1}},"3":{"start":{"line":5,"column":8},"end":{"line":5,"column":49}},"4":{"start":{"line":9,"column":8},"end":{"line":9,"column":81}},"5":{"start":{"line":10,"column":8},"end":{"line":19,"column":11}},"6":{"start":{"line":11,"column":12},"end":{"line":11,"column":27}},"7":{"start":{"line":12,"column":12},"end":{"line":12,"column":37}},"8":{"start":{"line":13,"column":12},"end":{"line":15,"column":15}},"9":{"start":{"line":14,"column":16},"end":{"line":14,"column":30}},"10":{"start":{"line":16,"column":12},"end":{"line":18,"column":14}},"11":{"start":{"line":17,"column":16},"end":{"line":17,"column":31}}},"branchMap":{}}}