{"/Users/christian/Desktop/4.semester/FullstackJS/FullstackJSExercises/Week4/Testing/TestExercises/lib/calculator.js":{"path":"/Users/christian/Desktop/4.semester/FullstackJS/FullstackJSExercises/Week4/Testing/TestExercises/lib/calculator.js","s":{"1":1,"2":2,"3":1,"4":1,"5":1,"6":1,"7":1},"b":{"1":[1,1],"2":[2,2]},"f":{"1":2,"2":1,"3":1,"4":1},"fnMap":{"1":{"name":"(anonymous_1)","line":3,"loc":{"start":{"line":3,"column":7},"end":{"line":3,"column":14}}},"2":{"name":"(anonymous_2)","line":9,"loc":{"start":{"line":9,"column":7},"end":{"line":9,"column":14}}},"3":{"name":"(anonymous_3)","line":12,"loc":{"start":{"line":12,"column":7},"end":{"line":12,"column":14}}},"4":{"name":"(anonymous_4)","line":15,"loc":{"start":{"line":15,"column":7},"end":{"line":15,"column":14}}}},"statementMap":{"1":{"start":{"line":2,"column":0},"end":{"line":18,"column":1}},"2":{"start":{"line":4,"column":8},"end":{"line":6,"column":9}},"3":{"start":{"line":5,"column":12},"end":{"line":5,"column":57}},"4":{"start":{"line":7,"column":8},"end":{"line":7,"column":22}},"5":{"start":{"line":10,"column":8},"end":{"line":10,"column":21}},"6":{"start":{"line":13,"column":8},"end":{"line":13,"column":23}},"7":{"start":{"line":16,"column":8},"end":{"line":16,"column":21}}},"branchMap":{"1":{"line":4,"type":"if","locations":[{"start":{"line":4,"column":8},"end":{"line":4,"column":8}},{"start":{"line":4,"column":8},"end":{"line":4,"column":8}}]},"2":{"line":4,"type":"binary-expr","locations":[{"start":{"line":4,"column":11},"end":{"line":4,"column":18}},{"start":{"line":4,"column":22},"end":{"line":4,"column":29}}]}}}}